\BOOKMARK [0][-]{chapter.1}{Inleiding}{}% 1
\BOOKMARK [1][-]{section.1.1}{Probleemstelling \046 Onderzoeksvragen}{chapter.1}% 2
\BOOKMARK [0][-]{chapter.2}{Augmented Reality}{}% 3
\BOOKMARK [1][-]{section.2.1}{Introductie}{chapter.2}% 4
\BOOKMARK [2][-]{subsection.2.1.1}{Definitie}{section.2.1}% 5
\BOOKMARK [2][-]{subsection.2.1.2}{See-through en spatial Augmented Reality}{section.2.1}% 6
\BOOKMARK [2][-]{subsection.2.1.3}{Virtual Reality}{section.2.1}% 7
\BOOKMARK [2][-]{subsection.2.1.4}{Beknopte historiek}{section.2.1}% 8
\BOOKMARK [1][-]{section.2.2}{Werking Augmented Reality}{chapter.2}% 9
\BOOKMARK [2][-]{subsection.2.2.1}{Tracking}{section.2.2}% 10
\BOOKMARK [2][-]{subsection.2.2.2}{Beeld}{section.2.2}% 11
\BOOKMARK [1][-]{section.2.3}{Toepassingen Augmented Reality}{chapter.2}% 12
\BOOKMARK [2][-]{subsection.2.3.1}{Google Glass}{section.2.3}% 13
\BOOKMARK [2][-]{subsection.2.3.2}{Retail \046 Advertenties}{section.2.3}% 14
\BOOKMARK [2][-]{subsection.2.3.3}{Tools en Applicaties}{section.2.3}% 15
\BOOKMARK [0][-]{chapter.3}{Augmented Reality in onderwijs}{}% 16
\BOOKMARK [1][-]{section.3.1}{ICT in het Vlaams onderwijs }{chapter.3}% 17
\BOOKMARK [2][-]{subsection.3.1.1}{Belang}{section.3.1}% 18
\BOOKMARK [2][-]{subsection.3.1.2}{Eindtermen ICT}{section.3.1}% 19
\BOOKMARK [2][-]{subsection.3.1.3}{Handhelds in het Vlaams onderwijs}{section.3.1}% 20
\BOOKMARK [1][-]{section.3.2}{Waarom Augmented Reality in onderwijs?}{chapter.3}% 21
\BOOKMARK [2][-]{subsection.3.2.1}{Doelen}{section.3.2}% 22
\BOOKMARK [2][-]{subsection.3.2.2}{Motivatie}{section.3.2}% 23
\BOOKMARK [2][-]{subsection.3.2.3}{Vaardigheden}{section.3.2}% 24
\BOOKMARK [2][-]{subsection.3.2.4}{Valkuilen}{section.3.2}% 25
\BOOKMARK [1][-]{section.3.3}{Concrete toepassingen}{chapter.3}% 26
\BOOKMARK [2][-]{subsection.3.3.1}{Chemie}{section.3.3}% 27
\BOOKMARK [2][-]{subsection.3.3.2}{Talen}{section.3.3}% 28
\BOOKMARK [2][-]{subsection.3.3.3}{Overkoepelende applicaties}{section.3.3}% 29
\BOOKMARK [0][-]{chapter.4}{Case study}{}% 30
\BOOKMARK [1][-]{section.4.1}{Context}{chapter.4}% 31
\BOOKMARK [1][-]{section.4.2}{Methodologie}{chapter.4}% 32
\BOOKMARK [2][-]{subsection.4.2.1}{Voorbereiding}{section.4.2}% 33
\BOOKMARK [2][-]{subsection.4.2.2}{Lesvoorbereiding}{section.4.2}% 34
\BOOKMARK [1][-]{section.4.3}{Bevindingen}{chapter.4}% 35
\BOOKMARK [2][-]{subsection.4.3.1}{Observaties}{section.4.3}% 36
\BOOKMARK [2][-]{subsection.4.3.2}{Reacties}{section.4.3}% 37
\BOOKMARK [2][-]{subsection.4.3.3}{Discussie}{section.4.3}% 38
\BOOKMARK [0][-]{chapter.5}{Conclusie}{}% 39
\BOOKMARK [0][-]{chapter.5}{Literatuur}{}% 40
\BOOKMARK [0][-]{chapter*.34}{Lijst van figuren}{}% 41
\BOOKMARK [0][-]{chapter*.35}{Lijst van tabellen}{}% 42
\BOOKMARK [0][-]{chapter*.37}{Lijst van afkortingen}{}% 43
